<?xml version="1.0" encoding="UTF-8"?>
<!-- Generated by org.testng.reporters.JUnitXMLReporter -->
<testsuite ignored="1" hostname="DESKTOP-H5UHKH7" failures="0" tests="1" name="ErrorValidationTest" time="4.95" errors="0" timestamp="2025-04-25T22:17:29 IST">
  <testcase classname="priyaseleniumlearning.tests.ErrorValidationTest" name="submitOrder" time="1.4"/>
  <testcase classname="priyaseleniumlearning.tests.ErrorValidationTest" name="ErrorValidation" time="0.0">
    <ignored/>
  </testcase> <!-- ErrorValidation -->
</testsuite> <!-- ErrorValidationTest -->
