<?xml version="1.0" encoding="UTF-8"?>
<!-- Generated by org.testng.reporters.JUnitXMLReporter -->
<testsuite ignored="0" hostname="DESKTOP-H5UHKH7" failures="1" tests="4" name="Error Validation Test" time="18.103" errors="0" timestamp="2025-05-06T20:03:48 IST">
  <testcase classname="priyaseleniumlearning.tests.ErrorValidationTest" name="ErrorValidation" time="7.024"/>
  <testcase classname="priyaseleniumlearning.tests.ErrorValidationTest" name="submitOrder" time="0.006">
    <skipped/>
  </testcase> <!-- submitOrder -->
  <testcase classname="priyaseleniumlearning.tests.ErrorValidationTest" name="submitOrder" time="0.001">
    <skipped/>
  </testcase> <!-- submitOrder -->
  <testcase classname="priyaseleniumlearning.tests.ErrorValidationTest" name="submitOrder" time="0.003">
    <failure type="java.lang.NullPointerException" message="Cannot invoke &amp;quot;java.util.Properties.getProperty(String)&amp;quot; because &amp;quot;this.prop&amp;quot; is null">
      <![CDATA[java.lang.NullPointerException: Cannot invoke "java.util.Properties.getProperty(String)" because "this.prop" is null
at priyaseleniumlearning.tests.ErrorValidationTest.submitOrder(ErrorValidationTest.java:18)
at java.base/java.util.ArrayList.forEach(ArrayList.java:1596)
at java.base/java.util.concurrent.FutureTask.run(FutureTask.java:317)
at java.base/java.util.concurrent.ThreadPoolExecutor.runWorker(ThreadPoolExecutor.java:1144)
at java.base/java.util.concurrent.ThreadPoolExecutor$Worker.run(ThreadPoolExecutor.java:642)
at java.base/java.lang.Thread.run(Thread.java:1583)
... Removed 15 stack frames]]>
    </failure>
  </testcase> <!-- submitOrder -->
</testsuite> <!-- Error Validation Test -->
