<?xml version="1.0" encoding="UTF-8"?>
<!-- Generated by org.testng.reporters.JUnitXMLReporter -->
<testsuite ignored="0" hostname="DESKTOP-H5UHKH7" failures="0" tests="3" name="Submit Order Test" time="26.289" errors="0" timestamp="2025-05-06T20:03:57 IST">
  <testcase classname="priyaseleniumlearning.tests.SubmitOrderTest" name="submitOrder" time="8.453"/>
  <testcase classname="priyaseleniumlearning.tests.SubmitOrderTest" name="submitOrder" time="8.642"/>
  <testcase classname="priyaseleniumlearning.tests.SubmitOrderTest" name="orderHistory" time="1.977"/>
</testsuite> <!-- Submit Order Test -->
