<?xml version="1.0" encoding="UTF-8"?>
<!-- Generated by org.testng.reporters.JUnitXMLReporter -->
<testsuite ignored="1" hostname="DESKTOP-H5UHKH7" failures="0" tests="2" name="Test" time="26.086" errors="0" timestamp="2025-04-28T21:47:41 IST">
  <testcase classname="priyaseleniumlearning.tests.SubmitOrderTest" name="submitOrder" time="9.079"/>
  <testcase classname="priyaseleniumlearning.tests.SubmitOrderTest" name="submitOrder" time="8.872"/>
  <testcase classname="priyaseleniumlearning.tests.SubmitOrderTest" name="orderHistory" time="0.0">
    <ignored/>
  </testcase> <!-- orderHistory -->
</testsuite> <!-- Test -->
